<?xml version="1.0" encoding="UTF-8"?>
<!-- Generated by org.testng.reporters.JUnitReportReporter -->
<testsuite hostname="OCT-JULIEN" failures="0" tests="7" name="alphaTests.LoginTest" time="17.439" errors="0" timestamp="2022-07-21T12:56:18 WAT" skipped="0">
  <testcase classname="alphaTests.LoginTest" name="ValidateWrongUsernameAndWrongPassword" time="3.968"/>
  <system-out/>
  <testcase classname="alphaTests.LoginTest" name="ValidateWrongUsernameAndValidPassword" time="2.526"/>
  <system-out/>
  <testcase classname="alphaTests.LoginTest" name="ValidateValidUsernameAndWrongPassword" time="2.573"/>
  <system-out/>
  <testcase classname="alphaTests.LoginTest" name="ValidatewrongUsernameAndEmptyPassword" time="2.413"/>
  <system-out/>
  <testcase classname="alphaTests.LoginTest" name="ValidateEmptyUsernameAndWrongPassword" time="2.381"/>
  <system-out/>
  <testcase classname="alphaTests.LoginTest" name="ValidateEmptyUsernameAndEmptyPassword" time="0.181"/>
  <system-out/>
  <testcase classname="alphaTests.LoginTest" name="validateValidCredentials" time="3.397"/>
  <system-out/>
</testsuite> <!-- alphaTests.LoginTest -->
