<?xml version="1.0" encoding="UTF-8"?>
<!-- Generated by org.testng.reporters.JUnitReportReporter -->
<testsuite hostname="OCT-JULIEN" failures="0" tests="7" name="alphaTests.LoginTest" time="15.793" errors="0" timestamp="2022-07-20T15:39:49 WAT" skipped="0">
  <testcase classname="alphaTests.LoginTest" name="ValidateWrongUsernameAndWrongPassword" time="2.585"/>
  <system-out/>
  <testcase classname="alphaTests.LoginTest" name="ValidateWrongUsernameAndValidPassword" time="2.524"/>
  <system-out/>
  <testcase classname="alphaTests.LoginTest" name="ValidateValidUsernameAndWrongPassword" time="2.440"/>
  <system-out/>
  <testcase classname="alphaTests.LoginTest" name="ValidatewrongUsernameAndEmptyPassword" time="2.331"/>
  <system-out/>
  <testcase classname="alphaTests.LoginTest" name="ValidateEmptyUsernameAndWrongPassword" time="2.351"/>
  <system-out/>
  <testcase classname="alphaTests.LoginTest" name="ValidateEmptyUsernameAndEmptyPassword" time="0.143"/>
  <system-out/>
  <testcase classname="alphaTests.LoginTest" name="validateValidCredentials" time="3.419"/>
  <system-out/>
</testsuite> <!-- alphaTests.LoginTest -->
