<?xml version="1.0" encoding="UTF-8"?>
<!-- Generated by org.testng.reporters.JUnitReportReporter -->
<testsuite hostname="OCT-JULIEN" failures="0" tests="1" name="alphaTests.LogOutTest" time="4.344" errors="0" timestamp="2022-07-26T14:48:45 WAT" skipped="0">
  <testcase classname="alphaTests.LogOutTest" name="Logout" time="4.344"/>
  <system-out/>
</testsuite> <!-- alphaTests.LogOutTest -->
