<?xml version="1.0" encoding="UTF-8"?>
<!-- Generated by org.testng.reporters.JUnitReportReporter -->
<testsuite hostname="OCT-JULIEN" failures="0" tests="1" name="alphaTests.HomePageTest" time="3.879" errors="0" timestamp="2022-07-26T12:35:17 WAT" skipped="0">
  <testcase classname="alphaTests.HomePageTest" name="ClickOnProfile" time="3.879"/>
  <system-out/>
</testsuite> <!-- alphaTests.HomePageTest -->
