<?xml version="1.0" encoding="UTF-8"?>
<!-- Generated by org.testng.reporters.JUnitReportReporter -->
<testsuite hostname="OCT-JULIEN" failures="0" tests="1" name="alphaTests.LogOutTest" time="5.716" errors="0" timestamp="2022-07-20T15:39:49 WAT" skipped="0">
  <testcase classname="alphaTests.LogOutTest" name="Logout" time="5.716"/>
  <system-out/>
</testsuite> <!-- alphaTests.LogOutTest -->
