<?xml version="1.0" encoding="UTF-8"?>
<!-- Generated by org.testng.reporters.JUnitReportReporter -->
<testsuite hostname="OCT-JULIEN" failures="0" tests="7" name="alphaTests.LoginTest" time="6.833" errors="0" timestamp="2022-07-26T15:00:28 WAT" skipped="0">
  <testcase classname="alphaTests.LoginTest" name="ValidateWrongUsernameAndWrongPassword" time="1.551"/>
  <system-out/>
  <testcase classname="alphaTests.LoginTest" name="ValidateWrongUsernameAndValidPassword" time="1.595"/>
  <system-out/>
  <testcase classname="alphaTests.LoginTest" name="ValidateValidUsernameAndWrongPassword" time="0.793"/>
  <system-out/>
  <testcase classname="alphaTests.LoginTest" name="ValidatewrongUsernameAndEmptyPassword" time="0.759"/>
  <system-out/>
  <testcase classname="alphaTests.LoginTest" name="ValidateEmptyUsernameAndWrongPassword" time="0.435"/>
  <system-out/>
  <testcase classname="alphaTests.LoginTest" name="ValidateEmptyUsernameAndEmptyPassword" time="0.232"/>
  <system-out/>
  <testcase classname="alphaTests.LoginTest" name="validateValidCredentials" time="1.468"/>
  <system-out/>
</testsuite> <!-- alphaTests.LoginTest -->
